{
  "stats": {
    "suites": 4,
    "tests": 6,
    "passes": 6,
    "pending": 0,
    "failures": 0,
    "start": "2021-04-30T12:14:13.831Z",
    "end": "2021-04-30T12:14:13.854Z",
    "duration": 23,
    "testsRegistered": 6,
    "passPercent": 100,
    "pendingPercent": 0,
    "other": 0,
    "hasOther": false,
    "skipped": 0,
    "hasSkipped": false
  },
  "results": [
    {
      "uuid": "c7c15318-7a56-45ef-adf7-a283d428267f",
      "title": "",
      "fullFile": "",
      "file": "",
      "beforeHooks": [],
      "afterHooks": [],
      "tests": [],
      "suites": [
        {
          "uuid": "0a7bb46c-203f-4011-9448-1325d5f8638a",
          "title": "Mocha Tests",
          "fullFile": "C:\\Users\\Asus\\Documents\\Projekti\\unit-testing\\src\\test\\index.spec.ts",
          "file": "\\src\\test\\index.spec.ts",
          "beforeHooks": [],
          "afterHooks": [],
          "tests": [],
          "suites": [
            {
              "uuid": "947e3cf5-b46c-4710-be45-04979d5e4d2f",
              "title": "check input (isAlphanumeric)",
              "fullFile": "C:\\Users\\Asus\\Documents\\Projekti\\unit-testing\\src\\test\\index.spec.ts",
              "file": "\\src\\test\\index.spec.ts",
              "beforeHooks": [],
              "afterHooks": [],
              "tests": [
                {
                  "title": "should recognize non-alphanumeric",
                  "fullTitle": "Mocha Tests check input (isAlphanumeric) should recognize non-alphanumeric",
                  "timedOut": false,
                  "duration": 1,
                  "state": "passed",
                  "speed": "fast",
                  "pass": true,
                  "fail": false,
                  "pending": false,
                  "context": null,
                  "code": "var result = index_1.isAlphanumeric(input + \" \");\nchai_1.expect(result).to.be.null;",
                  "err": {},
                  "uuid": "f8bdd9a5-6bc8-434d-b922-be461e21143b",
                  "parentUUID": "947e3cf5-b46c-4710-be45-04979d5e4d2f",
                  "isHook": false,
                  "skipped": false
                },
                {
                  "title": "should recognize alphanumeric",
                  "fullTitle": "Mocha Tests check input (isAlphanumeric) should recognize alphanumeric",
                  "timedOut": false,
                  "duration": 0,
                  "state": "passed",
                  "speed": "fast",
                  "pass": true,
                  "fail": false,
                  "pending": false,
                  "context": null,
                  "code": "var result = index_1.isAlphanumeric(input);\nchai_1.expect(result === null || result === void 0 ? void 0 : result.length).to.be.greaterThan(0);",
                  "err": {},
                  "uuid": "794f400e-7176-4531-9a87-6d2d2b05d4eb",
                  "parentUUID": "947e3cf5-b46c-4710-be45-04979d5e4d2f",
                  "isHook": false,
                  "skipped": false
                }
              ],
              "suites": [],
              "passes": [
                "f8bdd9a5-6bc8-434d-b922-be461e21143b",
                "794f400e-7176-4531-9a87-6d2d2b05d4eb"
              ],
              "failures": [],
              "pending": [],
              "skipped": [],
              "duration": 1,
              "root": false,
              "rootEmpty": false,
              "_timeout": 2000
            },
            {
              "uuid": "41978348-5a40-482e-9009-f0cde12e505e",
              "title": "check if proper conversion (convertInput)",
              "fullFile": "C:\\Users\\Asus\\Documents\\Projekti\\unit-testing\\src\\test\\index.spec.ts",
              "file": "\\src\\test\\index.spec.ts",
              "beforeHooks": [],
              "afterHooks": [],
              "tests": [
                {
                  "title": "should convert valid input",
                  "fullTitle": "Mocha Tests check if proper conversion (convertInput) should convert valid input",
                  "timedOut": false,
                  "duration": 0,
                  "state": "passed",
                  "speed": "fast",
                  "pass": true,
                  "fail": false,
                  "pending": false,
                  "context": null,
                  "code": "var result = index_1.convertInput(input);\nchai_1.expect(result).to.eql(output);",
                  "err": {},
                  "uuid": "1dfc4b13-d840-447e-a0ef-ab95869d8496",
                  "parentUUID": "41978348-5a40-482e-9009-f0cde12e505e",
                  "isHook": false,
                  "skipped": false
                },
                {
                  "title": "shouldn't convert invalid input",
                  "fullTitle": "Mocha Tests check if proper conversion (convertInput) shouldn't convert invalid input",
                  "timedOut": false,
                  "duration": 1,
                  "state": "passed",
                  "speed": "fast",
                  "pass": true,
                  "fail": false,
                  "pending": false,
                  "context": null,
                  "code": "var result = index_1.convertInput(\"m a t e j\");\nchai_1.expect(result).to.be.null;",
                  "err": {},
                  "uuid": "ab47f1c3-bd48-4a2c-9f39-a0ff459f0380",
                  "parentUUID": "41978348-5a40-482e-9009-f0cde12e505e",
                  "isHook": false,
                  "skipped": false
                }
              ],
              "suites": [],
              "passes": [
                "1dfc4b13-d840-447e-a0ef-ab95869d8496",
                "ab47f1c3-bd48-4a2c-9f39-a0ff459f0380"
              ],
              "failures": [],
              "pending": [],
              "skipped": [],
              "duration": 1,
              "root": false,
              "rootEmpty": false,
              "_timeout": 2000
            },
            {
              "uuid": "d6fd9eb1-c8aa-4bda-a678-d9ec77d35332",
              "title": "check output file (outputToFile)",
              "fullFile": "C:\\Users\\Asus\\Documents\\Projekti\\unit-testing\\src\\test\\index.spec.ts",
              "file": "\\src\\test\\index.spec.ts",
              "beforeHooks": [],
              "afterHooks": [],
              "tests": [
                {
                  "title": "created output file (exists)",
                  "fullTitle": "Mocha Tests check output file (outputToFile) created output file (exists)",
                  "timedOut": false,
                  "duration": 1,
                  "state": "passed",
                  "speed": "fast",
                  "pass": true,
                  "fail": false,
                  "pending": false,
                  "context": null,
                  "code": "var result = index_1.outputToFile(input, output, \"0.001\");\nchai_1.expect(fs.existsSync(\"processed.json\")).to.be.true;",
                  "err": {},
                  "uuid": "55b3658a-bf63-47a9-a8bc-761d58fc9a1b",
                  "parentUUID": "d6fd9eb1-c8aa-4bda-a678-d9ec77d35332",
                  "isHook": false,
                  "skipped": false
                },
                {
                  "title": "output file has correct content",
                  "fullTitle": "Mocha Tests check output file (outputToFile) output file has correct content",
                  "timedOut": false,
                  "duration": 2,
                  "state": "passed",
                  "speed": "fast",
                  "pass": true,
                  "fail": false,
                  "pending": false,
                  "context": null,
                  "code": "var expected = { input: input, output: output, duration: \"0.001 ms\" };\nvar rawdata = fs.readFileSync(\"processed.json\");\nvar processed = JSON.parse(rawdata);\nchai_1.expect(processed).to.include(expected);",
                  "err": {},
                  "uuid": "ad3ef38a-82e2-4d49-88c0-1923dee4a8dd",
                  "parentUUID": "d6fd9eb1-c8aa-4bda-a678-d9ec77d35332",
                  "isHook": false,
                  "skipped": false
                }
              ],
              "suites": [],
              "passes": [
                "55b3658a-bf63-47a9-a8bc-761d58fc9a1b",
                "ad3ef38a-82e2-4d49-88c0-1923dee4a8dd"
              ],
              "failures": [],
              "pending": [],
              "skipped": [],
              "duration": 3,
              "root": false,
              "rootEmpty": false,
              "_timeout": 2000
            }
          ],
          "passes": [],
          "failures": [],
          "pending": [],
          "skipped": [],
          "duration": 0,
          "root": false,
          "rootEmpty": false,
          "_timeout": 2000
        }
      ],
      "passes": [],
      "failures": [],
      "pending": [],
      "skipped": [],
      "duration": 0,
      "root": true,
      "rootEmpty": true,
      "_timeout": 2000
    }
  ],
  "meta": {
    "mocha": {
      "version": "8.3.2"
    },
    "mochawesome": {
      "options": {
        "quiet": false,
        "reportFilename": "mochawesome",
        "saveHtml": true,
        "saveJson": true,
        "consoleReporter": "spec",
        "useInlineDiffs": false,
        "code": true
      },
      "version": "6.2.2"
    },
    "marge": {
      "options": null,
      "version": "5.2.0"
    }
  }
}